<?xml version="1.0" encoding="UTF-8"?>
<testng-results skipped="0" failed="0" ignored="0" total="2" passed="2">
  <reporter-output>
    <line>
      <![CDATA[Setting up reports and test is getting ready]]>
    </line>
    <line>
      <![CDATA[Setting Done- Test can be started]]>
    </line>
    <line>
      <![CDATA[Trying to start browser and getting application ready]]>
    </line>
    <line>
      <![CDATA[Browser and application is up and running]]>
    </line>
    <line>
      <![CDATA[Test is about to end ]]>
    </line>
    <line>
      <![CDATA[Test Cmpleted >>> Reports Generated ]]>
    </line>
    <line>
      <![CDATA[Test is about to end ]]>
    </line>
    <line>
      <![CDATA[Test Cmpleted >>> Reports Generated ]]>
    </line>
  </reporter-output>
  <suite name="Suite" duration-ms="30753" started-at="2019-04-01T15:39:46Z" finished-at="2019-04-01T15:40:16Z">
    <groups>
    </groups>
    <test name="Test" duration-ms="30753" started-at="2019-04-01T15:39:46Z" finished-at="2019-04-01T15:40:16Z">
      <class name="com.learnautomation.testcases.LoginTestHRM">
        <test-method status="PASS" signature="excelSetUp()[pri:0, instance:com.learnautomation.testcases.LoginTestHRM@c038203]" name="excelSetUp" is-config="true" duration-ms="4826" started-at="2019-04-01T21:09:41Z" finished-at="2019-04-01T21:09:46Z">
          <reporter-output>
            <line>
              <![CDATA[Setting up reports and test is getting ready]]>
            </line>
            <line>
              <![CDATA[Setting Done- Test can be started]]>
            </line>
          </reporter-output>
        </test-method> <!-- excelSetUp -->
        <test-method status="PASS" signature="setup()[pri:0, instance:com.learnautomation.testcases.LoginTestHRM@c038203]" name="setup" is-config="true" duration-ms="23416" started-at="2019-04-01T21:09:46Z" finished-at="2019-04-01T21:10:09Z">
          <reporter-output>
            <line>
              <![CDATA[Trying to start browser and getting application ready]]>
            </line>
            <line>
              <![CDATA[Browser and application is up and running]]>
            </line>
          </reporter-output>
        </test-method> <!-- setup -->
        <test-method status="PASS" signature="loginApp()[pri:1, instance:com.learnautomation.testcases.LoginTestHRM@c038203]" name="loginApp" duration-ms="2852" started-at="2019-04-01T21:10:09Z" finished-at="2019-04-01T21:10:12Z">
          <reporter-output>
          </reporter-output>
        </test-method> <!-- loginApp -->
        <test-method status="PASS" signature="tearDownMethod(org.testng.ITestResult)[pri:0, instance:com.learnautomation.testcases.LoginTestHRM@c038203]" name="tearDownMethod" is-config="true" duration-ms="840" started-at="2019-04-01T21:10:12Z" finished-at="2019-04-01T21:10:13Z">
          <params>
            <param index="0">
              <value>
                <![CDATA[[TestResult name=loginApp status=SUCCESS method=LoginTestHRM.loginApp()[pri:1, instance:com.learnautomation.testcases.LoginTestHRM@c038203] output={null}]]]>
              </value>
            </param>
          </params>
          <reporter-output>
            <line>
              <![CDATA[Test is about to end ]]>
            </line>
            <line>
              <![CDATA[Test Cmpleted >>> Reports Generated ]]>
            </line>
          </reporter-output>
        </test-method> <!-- tearDownMethod -->
        <test-method status="PASS" signature="logutApp()[pri:2, instance:com.learnautomation.testcases.LoginTestHRM@c038203]" name="logutApp" duration-ms="1" started-at="2019-04-01T21:10:13Z" finished-at="2019-04-01T21:10:13Z">
          <reporter-output>
          </reporter-output>
        </test-method> <!-- logutApp -->
        <test-method status="PASS" signature="tearDownMethod(org.testng.ITestResult)[pri:0, instance:com.learnautomation.testcases.LoginTestHRM@c038203]" name="tearDownMethod" is-config="true" duration-ms="76" started-at="2019-04-01T21:10:13Z" finished-at="2019-04-01T21:10:13Z">
          <params>
            <param index="0">
              <value>
                <![CDATA[[TestResult name=logutApp status=SUCCESS method=LoginTestHRM.logutApp()[pri:2, instance:com.learnautomation.testcases.LoginTestHRM@c038203] output={null}]]]>
              </value>
            </param>
          </params>
          <reporter-output>
            <line>
              <![CDATA[Test is about to end ]]>
            </line>
            <line>
              <![CDATA[Test Cmpleted >>> Reports Generated ]]>
            </line>
          </reporter-output>
        </test-method> <!-- tearDownMethod -->
        <test-method status="PASS" signature="tearDown()[pri:0, instance:com.learnautomation.testcases.LoginTestHRM@c038203]" name="tearDown" is-config="true" duration-ms="3539" started-at="2019-04-01T21:10:13Z" finished-at="2019-04-01T21:10:16Z">
          <reporter-output>
          </reporter-output>
        </test-method> <!-- tearDown -->
      </class> <!-- com.learnautomation.testcases.LoginTestHRM -->
    </test> <!-- Test -->
  </suite> <!-- Suite -->
</testng-results>
