<?xml version="1.0" encoding="UTF-8"?>
<testng-results skipped="0" failed="0" ignored="0" total="2" passed="2">
  <reporter-output>
    <line>
      <![CDATA[Setting up reports and test is getting ready]]>
    </line>
    <line>
      <![CDATA[Setting Done- Test can be started]]>
    </line>
    <line>
      <![CDATA[Trying to start browser and getting application ready]]>
    </line>
    <line>
      <![CDATA[Browser and application is up and running]]>
    </line>
    <line>
      <![CDATA[Test is about to end ]]>
    </line>
    <line>
      <![CDATA[Test Cmpleted >>> Reports Generated ]]>
    </line>
    <line>
      <![CDATA[Test is about to end ]]>
    </line>
    <line>
      <![CDATA[Test Cmpleted >>> Reports Generated ]]>
    </line>
  </reporter-output>
  <suite name="Suite" duration-ms="14975" started-at="2019-02-06T21:58:20Z" finished-at="2019-02-06T21:58:35Z">
    <groups>
    </groups>
    <test name="Test" duration-ms="14975" started-at="2019-02-06T21:58:20Z" finished-at="2019-02-06T21:58:35Z">
      <class name="com.learnautomation.testcases.LoginTestHRM">
        <test-method status="PASS" signature="excelSetUp()[pri:0, instance:com.learnautomation.testcases.LoginTestHRM@4cc0edeb]" name="excelSetUp" is-config="true" duration-ms="696" started-at="2019-02-07T03:28:19Z" finished-at="2019-02-07T03:28:20Z">
          <reporter-output>
            <line>
              <![CDATA[Setting up reports and test is getting ready]]>
            </line>
            <line>
              <![CDATA[Setting Done- Test can be started]]>
            </line>
          </reporter-output>
        </test-method> <!-- excelSetUp -->
        <test-method status="PASS" signature="setup()[pri:0, instance:com.learnautomation.testcases.LoginTestHRM@4cc0edeb]" name="setup" is-config="true" duration-ms="10800" started-at="2019-02-07T03:28:20Z" finished-at="2019-02-07T03:28:31Z">
          <reporter-output>
            <line>
              <![CDATA[Trying to start browser and getting application ready]]>
            </line>
            <line>
              <![CDATA[Browser and application is up and running]]>
            </line>
          </reporter-output>
        </test-method> <!-- setup -->
        <test-method status="PASS" signature="loginApp()[pri:1, instance:com.learnautomation.testcases.LoginTestHRM@4cc0edeb]" name="loginApp" duration-ms="2783" started-at="2019-02-07T03:28:31Z" finished-at="2019-02-07T03:28:33Z">
          <reporter-output>
          </reporter-output>
        </test-method> <!-- loginApp -->
        <test-method status="PASS" signature="tearDownMethod(org.testng.ITestResult)[pri:0, instance:com.learnautomation.testcases.LoginTestHRM@4cc0edeb]" name="tearDownMethod" is-config="true" duration-ms="296" started-at="2019-02-07T03:28:33Z" finished-at="2019-02-07T03:28:34Z">
          <params>
            <param index="0">
              <value>
                <![CDATA[[TestResult name=loginApp status=SUCCESS method=LoginTestHRM.loginApp()[pri:1, instance:com.learnautomation.testcases.LoginTestHRM@4cc0edeb] output={null}]]]>
              </value>
            </param>
          </params>
          <reporter-output>
            <line>
              <![CDATA[Test is about to end ]]>
            </line>
            <line>
              <![CDATA[Test Cmpleted >>> Reports Generated ]]>
            </line>
          </reporter-output>
        </test-method> <!-- tearDownMethod -->
        <test-method status="PASS" signature="logutApp()[pri:2, instance:com.learnautomation.testcases.LoginTestHRM@4cc0edeb]" name="logutApp" duration-ms="0" started-at="2019-02-07T03:28:34Z" finished-at="2019-02-07T03:28:34Z">
          <reporter-output>
          </reporter-output>
        </test-method> <!-- logutApp -->
        <test-method status="PASS" signature="tearDownMethod(org.testng.ITestResult)[pri:0, instance:com.learnautomation.testcases.LoginTestHRM@4cc0edeb]" name="tearDownMethod" is-config="true" duration-ms="82" started-at="2019-02-07T03:28:34Z" finished-at="2019-02-07T03:28:34Z">
          <params>
            <param index="0">
              <value>
                <![CDATA[[TestResult name=logutApp status=SUCCESS method=LoginTestHRM.logutApp()[pri:2, instance:com.learnautomation.testcases.LoginTestHRM@4cc0edeb] output={null}]]]>
              </value>
            </param>
          </params>
          <reporter-output>
            <line>
              <![CDATA[Test is about to end ]]>
            </line>
            <line>
              <![CDATA[Test Cmpleted >>> Reports Generated ]]>
            </line>
          </reporter-output>
        </test-method> <!-- tearDownMethod -->
        <test-method status="PASS" signature="tearDown()[pri:0, instance:com.learnautomation.testcases.LoginTestHRM@4cc0edeb]" name="tearDown" is-config="true" duration-ms="996" started-at="2019-02-07T03:28:34Z" finished-at="2019-02-07T03:28:35Z">
          <reporter-output>
          </reporter-output>
        </test-method> <!-- tearDown -->
      </class> <!-- com.learnautomation.testcases.LoginTestHRM -->
    </test> <!-- Test -->
  </suite> <!-- Suite -->
</testng-results>
